C51 COMPILER V9.54   I2C                                                                   05/20/2025 16:06:54 PAGE 1   


C51 COMPILER V9.54, COMPILATION OF MODULE I2C
OBJECT MODULE PLACED IN .\Objects\I2C.obj
COMPILER INVOKED BY: D:\Keil\C51\BIN\C51.EXE I2C.c OPTIMIZE(8,SPEED) BROWSE DEBUG OBJECTEXTEND PRINT(.\Listings\I2C.lst)
                    - OBJECT(.\Objects\I2C.obj)

line level    source

   1          #include <REGX52.H>
   2          
   3          sbit I2C_SCL = P2^1;
   4          sbit I2C_SDA = P2^0;
   5          
   6          /**
   7            * @brief      I2C开始
   8            * @param  无
   9            * @retval 无
  10            */
  11          
  12          void I2C_Start(void)                                                            //开始
  13          {
  14   1              I2C_SDA = 1;
  15   1              I2C_SCL = 1;
  16   1              I2C_SDA = 0;
  17   1              I2C_SCL = 0;
  18   1      }
  19          
  20          /**
  21            * @brief      I2C结束
  22            * @param  无
  23            * @retval 无
  24            */
  25          
  26          
  27          void I2C_Stop(void)                                                                     //结束
  28          {
  29   1              I2C_SDA = 0;
  30   1              I2C_SCL = 1;
  31   1              I2C_SDA = 1;
  32   1      }
  33          
  34          /**
  35            * @brief      I2C发送一个字节
  36            * @param  Byte 要发送的字节
  37            * @retval 无
  38            */
  39          
  40          void I2C_SendByte(unsigned char Byte)                           //发送一个字节
  41          {
  42   1              unsigned char i;
  43   1              for(i=0;i<8;i++)
  44   1              {
  45   2                      I2C_SDA = Byte & (0x80>>i);                                     //依次取出Byte的位
  46   2                      I2C_SCL = 1;
  47   2                      I2C_SCL = 0;
  48   2              }
  49   1      }
  50          
  51          /**
  52            * @brief      I2C接收一个字节
  53            * @param  无
  54            * @retval 接收到的一个字节数据
C51 COMPILER V9.54   I2C                                                                   05/20/2025 16:06:54 PAGE 2   

  55            */
  56          
  57          unsigned char I2C_ReceiveByte(void)                                     //接收一个字节
  58          {
  59   1              unsigned char i,Byte = 0x00;                                    //初始化数据
  60   1              
  61   1              I2C_SDA = 1;                                                                    //主机释放SDA
  62   1      
  63   1              for(i=0;i<8;i++)
  64   1              {
  65   2                      I2C_SCL = 1;
  66   2                      if(I2C_SDA){Byte |= (0x80>>i);}
  67   2                      I2C_SCL = 0;
  68   2              }
  69   1              
  70   1              return Byte;
  71   1      }
  72          
  73          /**
  74            * @brief      I2C发送应答
  75            * @param  AckBit 应答位，0为应答，1为非应答。
  76            * @retval 无
  77            */
  78          
  79          void I2C_SendAck(unsigned char AckBit)                          //发送应答,0为应答，1为非应答
  80          {
  81   1              I2C_SDA = AckBit;
  82   1              I2C_SCL = 1;
  83   1              I2C_SCL = 0;
  84   1      }
  85          
  86          /**
  87            * @brief      I2C接收应答
  88            * @param  无
  89            * @retval 接收到的应答位，0为应答，1为非应答
  90            */
  91          
  92          unsigned char I2C_ReceiveAck(void)                                      //接收应答,0为应答，1为非应答
  93          {
  94   1              unsigned char AckBit;
  95   1              
  96   1              I2C_SDA = 1;                                                                    //主机释放SDA
  97   1              I2C_SCL = 1;
  98   1              AckBit = I2C_SDA;
  99   1              I2C_SCL = 0;
 100   1              
 101   1              return AckBit;
 102   1      }


MODULE INFORMATION:   STATIC OVERLAYABLE
   CODE SIZE        =    109    ----
   CONSTANT SIZE    =   ----    ----
   XDATA SIZE       =   ----    ----
   PDATA SIZE       =   ----    ----
   DATA SIZE        =   ----    ----
   IDATA SIZE       =   ----    ----
   BIT SIZE         =   ----    ----
END OF MODULE INFORMATION.


C51 COMPILATION COMPLETE.  0 WARNING(S),  0 ERROR(S)
