C51 COMPILER V9.54   KEY                                                                   05/20/2025 17:38:32 PAGE 1   


C51 COMPILER V9.54, COMPILATION OF MODULE KEY
OBJECT MODULE PLACED IN .\Objects\Key.obj
COMPILER INVOKED BY: D:\Keil\C51\BIN\C51.EXE Key.c OPTIMIZE(8,SPEED) BROWSE DEBUG OBJECTEXTEND PRINT(.\Listings\Key.lst)
                    - OBJECT(.\Objects\Key.obj)

line level    source

   1          #include <REGX52.H>
   2          #include "Delay.h"
   3          
   4          unsigned char Key_Number;
   5          
   6          unsigned char Key(void)
   7          {
   8   1              unsigned char Temp = 0;
   9   1              
  10   1              Temp = Key_Number;
  11   1              Key_Number = 0;
  12   1              
  13   1              return Temp;
  14   1      }
  15          
  16          unsigned char Key_GetState(void)
  17          {
  18   1              unsigned char KeyNumber = 0;
  19   1              
  20   1              if(P3_1==0){KeyNumber=1;}
  21   1              if(P3_0==0){KeyNumber=2;}
  22   1              if(P3_2==0){KeyNumber=3;}
  23   1              if(P3_3==0){KeyNumber=4;}
  24   1              
  25   1              return KeyNumber;
  26   1      }
  27          
  28          void Key_Loop(void)
  29          {
  30   1              static unsigned char NowState,LastState;
  31   1              LastState = NowState;
  32   1              NowState = Key_GetState();
  33   1              if(LastState==1 && NowState==0){Key_Number = 1;}
  34   1              if(LastState==2 && NowState==0){Key_Number = 2;}
  35   1              if(LastState==3 && NowState==0){Key_Number = 3;}
  36   1              if(LastState==4 && NowState==0){Key_Number = 4;}
  37   1      }


MODULE INFORMATION:   STATIC OVERLAYABLE
   CODE SIZE        =     85    ----
   CONSTANT SIZE    =   ----    ----
   XDATA SIZE       =   ----    ----
   PDATA SIZE       =   ----    ----
   DATA SIZE        =      3    ----
   IDATA SIZE       =   ----    ----
   BIT SIZE         =   ----    ----
END OF MODULE INFORMATION.


C51 COMPILATION COMPLETE.  0 WARNING(S),  0 ERROR(S)
