C51 COMPILER V9.54   ONEWIRE                                                               05/20/2025 19:21:33 PAGE 1   


C51 COMPILER V9.54, COMPILATION OF MODULE ONEWIRE
OBJECT MODULE PLACED IN .\Objects\OneWire.obj
COMPILER INVOKED BY: D:\Keil\C51\BIN\C51.EXE OneWire.c OPTIMIZE(8,SPEED) BROWSE DEBUG OBJECTEXTEND PRINT(.\Listings\OneW
                    -ire.lst) OBJECT(.\Objects\OneWire.obj)

line level    source

   1          #include <REGX52.H>
   2          
   3          sbit OneWire_DQ = P3^7;
   4          
   5          unsigned char OneWire_Init(void)
   6          {
   7   1              
   8   1              unsigned char i;
   9   1              unsigned char AckBit;
  10   1              
  11   1              OneWire_DQ = 1;
  12   1              OneWire_DQ = 0;
  13   1              i = 227;while (--i);                    //Delay 500us
  14   1              OneWire_DQ = 1;
  15   1              i = 30;while (--i);                             //Delay 70us
  16   1              AckBit = OneWire_DQ;
  17   1              i = 227;while (--i);                    //Delay 500us
  18   1              
  19   1              return AckBit;
  20   1      }
  21          
  22          void OneWire_SendBit(unsigned char Bit)
  23          {
  24   1              unsigned char i;
  25   1              
  26   1              OneWire_DQ = 0;
  27   1              i = 4;while (--i);                      //Delay 10us
  28   1              OneWire_DQ = Bit;
  29   1              i = 25;while (--i);                     //Delay 55us
  30   1              OneWire_DQ = 1;
  31   1      }
  32          
  33          unsigned char OneWire_ReceiveBit(void)
  34          {
  35   1              unsigned char i,Bit;
  36   1      
  37   1              OneWire_DQ = 0;
  38   1              i = 1;while (--i);                      //Delay 5us
  39   1              OneWire_DQ = 1;
  40   1              i = 3;while (--i);                      //Delay 10us
  41   1              Bit = OneWire_DQ;
  42   1              i = 25;while (--i);                     //Delay 55us
  43   1              OneWire_DQ = 1;
  44   1              
  45   1              return Bit;
  46   1      }
  47          
  48          void OneWire_SendByte(unsigned char Byte)
  49          {
  50   1              unsigned char i;
  51   1              
  52   1              for(i=0;i<8;i++)
  53   1              {
  54   2                      OneWire_SendBit(Byte & (0x01<<i));
C51 COMPILER V9.54   ONEWIRE                                                               05/20/2025 19:21:33 PAGE 2   

  55   2              }
  56   1      
  57   1      }
  58          
  59          unsigned char OneWire_ReceiveByte(void)
  60          {
  61   1              unsigned char i;
  62   1              unsigned char Byte = 0x00;
  63   1              
  64   1              for(i=0;i<8;i++)
  65   1              {
  66   2                      if(OneWire_ReceiveBit()){Byte |= (0x01<<i);}
  67   2              }
  68   1              
  69   1              return Byte;
  70   1      }


MODULE INFORMATION:   STATIC OVERLAYABLE
   CODE SIZE        =    124    ----
   CONSTANT SIZE    =   ----    ----
   XDATA SIZE       =   ----    ----
   PDATA SIZE       =   ----    ----
   DATA SIZE        =   ----    ----
   IDATA SIZE       =   ----    ----
   BIT SIZE         =   ----    ----
END OF MODULE INFORMATION.


C51 COMPILATION COMPLETE.  0 WARNING(S),  0 ERROR(S)
